<?xml version="1.0" encoding="UTF-8"?>
<!-- Generated by org.testng.reporters.JUnitReportReporter -->
<testsuite hostname="LAPTOP-EEAS1CV9" failures="0" tests="1" name="com.Demowebshop.testScripts.RegisterTest" time="5.754" errors="0" timestamp="20 Mar 2025 04:45:35 GMT" skipped="0">
  <testcase classname="com.Demowebshop.testScripts.RegisterTest" name="register" time="5.754"/>
</testsuite> <!-- com.Demowebshop.testScripts.RegisterTest -->
