<?xml version="1.0" encoding="UTF-8"?>
<!-- Generated by org.testng.reporters.JUnitReportReporter -->
<testsuite hostname="LAPTOP-EEAS1CV9" failures="0" tests="14" name="com.Demowebshop.testScripts.InvalidLoginTest" time="10.358" errors="0" timestamp="24 Mar 2025 05:15:27 GMT" skipped="0">
  <testcase classname="com.Demowebshop.testScripts.InvalidLoginTest" name="invalidTest" time="0.849"/>
  <testcase classname="com.Demowebshop.testScripts.InvalidLoginTest" name="invalidTest" time="0.692"/>
  <testcase classname="com.Demowebshop.testScripts.InvalidLoginTest" name="invalidTest" time="0.696"/>
  <testcase classname="com.Demowebshop.testScripts.InvalidLoginTest" name="invalidTest" time="0.700"/>
  <testcase classname="com.Demowebshop.testScripts.InvalidLoginTest" name="invalidTest" time="0.689"/>
  <testcase classname="com.Demowebshop.testScripts.InvalidLoginTest" name="invalidTest" time="0.749"/>
  <testcase classname="com.Demowebshop.testScripts.InvalidLoginTest" name="invalidTest" time="0.698"/>
  <testcase classname="com.Demowebshop.testScripts.InvalidLoginTest" name="invalidTest" time="0.715"/>
  <testcase classname="com.Demowebshop.testScripts.InvalidLoginTest" name="invalidTest" time="0.681"/>
  <testcase classname="com.Demowebshop.testScripts.InvalidLoginTest" name="invalidTest" time="0.679"/>
  <testcase classname="com.Demowebshop.testScripts.InvalidLoginTest" name="invalidTest" time="0.669"/>
  <testcase classname="com.Demowebshop.testScripts.InvalidLoginTest" name="invalidTest" time="0.673"/>
  <testcase classname="com.Demowebshop.testScripts.InvalidLoginTest" name="invalidTest" time="1.140"/>
  <testcase classname="com.Demowebshop.testScripts.InvalidLoginTest" name="invalidTest" time="0.728"/>
</testsuite> <!-- com.Demowebshop.testScripts.InvalidLoginTest -->
