<?xml version="1.0" encoding="UTF-8"?>
<!-- Generated by org.testng.reporters.JUnitReportReporter -->
<testsuite hostname="LAPTOP-EEAS1CV9" failures="0" tests="1" name="com.Demowebshop.testScripts.ValidLoginTest" time="5.770" errors="0" timestamp="19 Mar 2025 05:09:55 GMT" skipped="0">
  <testcase classname="com.Demowebshop.testScripts.ValidLoginTest" name="login" time="5.770"/>
</testsuite> <!-- com.Demowebshop.testScripts.ValidLoginTest -->
