<?xml version="1.0" encoding="UTF-8"?>
<!-- Generated by org.testng.reporters.JUnitReportReporter -->
<testsuite hostname="LAPTOP-EEAS1CV9" failures="0" tests="1" name="com.Demowebshop.testScripts.ValidLoginTest" time="0.010" errors="0" timestamp="18 Mar 2025 04:33:30 GMT" skipped="0">
  <testcase classname="com.Demowebshop.testScripts.ValidLoginTest" name="login" time="0.010"/>
</testsuite> <!-- com.Demowebshop.testScripts.ValidLoginTest -->
