<?xml version="1.0" encoding="UTF-8"?>
<!-- Generated by org.testng.reporters.JUnitReportReporter -->
<testsuite hostname="LAPTOP-EEAS1CV9" failures="0" tests="1" name="com.Demowebshop.testScripts.RegisterTest" time="4.360" errors="0" timestamp="18 Mar 2025 04:53:17 GMT" skipped="0">
  <testcase classname="com.Demowebshop.testScripts.RegisterTest" name="register" time="4.360"/>
</testsuite> <!-- com.Demowebshop.testScripts.RegisterTest -->
