<?xml version="1.0" encoding="UTF-8"?>
<!-- Generated by org.testng.reporters.JUnitReportReporter -->
<testsuite hostname="LAPTOP-EEAS1CV9" failures="0" tests="1" name="com.Demowebshop.testScripts.ValidLoginTest" time="2.961" errors="0" timestamp="24 Mar 2025 05:13:48 GMT" skipped="0">
  <testcase classname="com.Demowebshop.testScripts.ValidLoginTest" name="login" time="2.961"/>
</testsuite> <!-- com.Demowebshop.testScripts.ValidLoginTest -->
